0 info it worked if it ends with ok
1 verbose cli [ '/usr/local/Cellar/node/0.10.24/bin/node',
1 verbose cli   '/usr/local/bin/npm',
1 verbose cli   'publish' ]
2 info using npm@1.3.21
3 info using node@v0.10.24
4 verbose publish [ '.' ]
5 verbose cache add [ '.', null ]
6 verbose cache add name=undefined spec="." args=[".",null]
7 verbose parsed url { protocol: null,
7 verbose parsed url   slashes: null,
7 verbose parsed url   auth: null,
7 verbose parsed url   host: null,
7 verbose parsed url   port: null,
7 verbose parsed url   hostname: null,
7 verbose parsed url   hash: null,
7 verbose parsed url   search: null,
7 verbose parsed url   query: null,
7 verbose parsed url   pathname: '.',
7 verbose parsed url   path: '.',
7 verbose parsed url   href: '.' }
8 silly lockFile 3a52ce78- .
9 verbose lock . /Users/Mark/.npm/3a52ce78-.lock
10 verbose tar pack [ '/var/folders/hg/mttq9szn6sdcwvwchqby91z00000gn/T/npm-29591-95IKZY7-/1410218296128-0.1571174026466906/tmp.tgz',
10 verbose tar pack   '.' ]
11 verbose tarball /var/folders/hg/mttq9szn6sdcwvwchqby91z00000gn/T/npm-29591-95IKZY7-/1410218296128-0.1571174026466906/tmp.tgz
12 verbose folder .
13 info prepublish generator-yo-gulp@0.0.1
14 silly lockFile 1f1177db-tar tar://.
15 verbose lock tar://. /Users/Mark/.npm/1f1177db-tar.lock
16 silly lockFile e92623e2-96128-0-1571174026466906-tmp-tgz tar:///var/folders/hg/mttq9szn6sdcwvwchqby91z00000gn/T/npm-29591-95IKZY7-/1410218296128-0.1571174026466906/tmp.tgz
17 verbose lock tar:///var/folders/hg/mttq9szn6sdcwvwchqby91z00000gn/T/npm-29591-95IKZY7-/1410218296128-0.1571174026466906/tmp.tgz /Users/Mark/.npm/e92623e2-96128-0-1571174026466906-tmp-tgz.lock
18 silly lockFile 1f1177db-tar tar://.
19 silly lockFile 1f1177db-tar tar://.
20 silly lockFile e92623e2-96128-0-1571174026466906-tmp-tgz tar:///var/folders/hg/mttq9szn6sdcwvwchqby91z00000gn/T/npm-29591-95IKZY7-/1410218296128-0.1571174026466906/tmp.tgz
21 silly lockFile e92623e2-96128-0-1571174026466906-tmp-tgz tar:///var/folders/hg/mttq9szn6sdcwvwchqby91z00000gn/T/npm-29591-95IKZY7-/1410218296128-0.1571174026466906/tmp.tgz
22 verbose tar unpack /var/folders/hg/mttq9szn6sdcwvwchqby91z00000gn/T/npm-29591-95IKZY7-/1410218296128-0.1571174026466906/tmp.tgz
23 silly lockFile 0ba1f674-96128-0-1571174026466906-package tar:///var/folders/hg/mttq9szn6sdcwvwchqby91z00000gn/T/npm-29591-95IKZY7-/1410218296128-0.1571174026466906/package
24 verbose lock tar:///var/folders/hg/mttq9szn6sdcwvwchqby91z00000gn/T/npm-29591-95IKZY7-/1410218296128-0.1571174026466906/package /Users/Mark/.npm/0ba1f674-96128-0-1571174026466906-package.lock
25 silly lockFile e92623e2-96128-0-1571174026466906-tmp-tgz tar:///var/folders/hg/mttq9szn6sdcwvwchqby91z00000gn/T/npm-29591-95IKZY7-/1410218296128-0.1571174026466906/tmp.tgz
26 verbose lock tar:///var/folders/hg/mttq9szn6sdcwvwchqby91z00000gn/T/npm-29591-95IKZY7-/1410218296128-0.1571174026466906/tmp.tgz /Users/Mark/.npm/e92623e2-96128-0-1571174026466906-tmp-tgz.lock
27 silly gunzTarPerm modes [ '755', '644' ]
28 silly gunzTarPerm extractEntry package.json
29 silly gunzTarPerm extractEntry README.md
30 silly gunzTarPerm extractEntry app/index.js
31 silly gunzTarPerm extractEntry app/index.coffee
32 silly gunzTarPerm extractEntry app/templates/_gulpfile.js
33 silly gunzTarPerm extractEntry app/templates/_bower.json
34 silly gunzTarPerm extractEntry app/templates/_bowerrc.json
35 silly gunzTarPerm modified mode [ 'app/templates/_bowerrc.json', 436, 420 ]
36 silly gunzTarPerm extractEntry app/templates/_gitignore
37 silly gunzTarPerm extractEntry app/templates/_gulpfile.coffee
38 silly gunzTarPerm extractEntry app/templates/_package.json
39 silly gunzTarPerm extractEntry app/templates/app/_Main.coffee
40 silly gunzTarPerm extractEntry app/templates/app/_example.jade
41 silly gunzTarPerm extractEntry app/templates/app/_main.scss
42 silly gunzTarPerm extractEntry app/templates/app/_vars-and-utils.scss
43 silly gunzTarPerm extractEntry app/templates/stage/init.coffee
44 silly gunzTarPerm extractEntry app/templates/stage/stage.jade
45 silly gunzTarPerm extractEntry app/templates/stage/stage.scss
46 silly lockFile 0ba1f674-96128-0-1571174026466906-package tar:///var/folders/hg/mttq9szn6sdcwvwchqby91z00000gn/T/npm-29591-95IKZY7-/1410218296128-0.1571174026466906/package
47 silly lockFile 0ba1f674-96128-0-1571174026466906-package tar:///var/folders/hg/mttq9szn6sdcwvwchqby91z00000gn/T/npm-29591-95IKZY7-/1410218296128-0.1571174026466906/package
48 silly lockFile e92623e2-96128-0-1571174026466906-tmp-tgz tar:///var/folders/hg/mttq9szn6sdcwvwchqby91z00000gn/T/npm-29591-95IKZY7-/1410218296128-0.1571174026466906/tmp.tgz
49 silly lockFile e92623e2-96128-0-1571174026466906-tmp-tgz tar:///var/folders/hg/mttq9szn6sdcwvwchqby91z00000gn/T/npm-29591-95IKZY7-/1410218296128-0.1571174026466906/tmp.tgz
50 verbose tar pack [ '/Users/Mark/.npm/generator-yo-gulp/0.0.1/package.tgz',
50 verbose tar pack   '/var/folders/hg/mttq9szn6sdcwvwchqby91z00000gn/T/npm-29591-95IKZY7-/1410218296128-0.1571174026466906/package' ]
51 verbose tarball /Users/Mark/.npm/generator-yo-gulp/0.0.1/package.tgz
52 verbose folder /var/folders/hg/mttq9szn6sdcwvwchqby91z00000gn/T/npm-29591-95IKZY7-/1410218296128-0.1571174026466906/package
53 silly lockFile 0ba1f674-96128-0-1571174026466906-package tar:///var/folders/hg/mttq9szn6sdcwvwchqby91z00000gn/T/npm-29591-95IKZY7-/1410218296128-0.1571174026466906/package
54 verbose lock tar:///var/folders/hg/mttq9szn6sdcwvwchqby91z00000gn/T/npm-29591-95IKZY7-/1410218296128-0.1571174026466906/package /Users/Mark/.npm/0ba1f674-96128-0-1571174026466906-package.lock
55 silly lockFile e5ff77f8-erator-yo-gulp-0-0-1-package-tgz tar:///Users/Mark/.npm/generator-yo-gulp/0.0.1/package.tgz
56 verbose lock tar:///Users/Mark/.npm/generator-yo-gulp/0.0.1/package.tgz /Users/Mark/.npm/e5ff77f8-erator-yo-gulp-0-0-1-package-tgz.lock
57 silly lockFile 0ba1f674-96128-0-1571174026466906-package tar:///var/folders/hg/mttq9szn6sdcwvwchqby91z00000gn/T/npm-29591-95IKZY7-/1410218296128-0.1571174026466906/package
58 silly lockFile 0ba1f674-96128-0-1571174026466906-package tar:///var/folders/hg/mttq9szn6sdcwvwchqby91z00000gn/T/npm-29591-95IKZY7-/1410218296128-0.1571174026466906/package
59 silly lockFile e5ff77f8-erator-yo-gulp-0-0-1-package-tgz tar:///Users/Mark/.npm/generator-yo-gulp/0.0.1/package.tgz
60 silly lockFile e5ff77f8-erator-yo-gulp-0-0-1-package-tgz tar:///Users/Mark/.npm/generator-yo-gulp/0.0.1/package.tgz
61 silly lockFile 0eec42e3--generator-yo-gulp-0-0-1-package /Users/Mark/.npm/generator-yo-gulp/0.0.1/package
62 verbose lock /Users/Mark/.npm/generator-yo-gulp/0.0.1/package /Users/Mark/.npm/0eec42e3--generator-yo-gulp-0-0-1-package.lock
63 silly lockFile 0eec42e3--generator-yo-gulp-0-0-1-package /Users/Mark/.npm/generator-yo-gulp/0.0.1/package
64 silly lockFile 0eec42e3--generator-yo-gulp-0-0-1-package /Users/Mark/.npm/generator-yo-gulp/0.0.1/package
65 verbose tar unpack /Users/Mark/.npm/generator-yo-gulp/0.0.1/package.tgz
66 silly lockFile 5e119288--generator-yo-gulp-0-0-1-package tar:///Users/Mark/.npm/generator-yo-gulp/0.0.1/package
67 verbose lock tar:///Users/Mark/.npm/generator-yo-gulp/0.0.1/package /Users/Mark/.npm/5e119288--generator-yo-gulp-0-0-1-package.lock
68 silly lockFile e5ff77f8-erator-yo-gulp-0-0-1-package-tgz tar:///Users/Mark/.npm/generator-yo-gulp/0.0.1/package.tgz
69 verbose lock tar:///Users/Mark/.npm/generator-yo-gulp/0.0.1/package.tgz /Users/Mark/.npm/e5ff77f8-erator-yo-gulp-0-0-1-package-tgz.lock
70 silly gunzTarPerm modes [ '755', '644' ]
71 silly gunzTarPerm extractEntry package.json
72 silly gunzTarPerm extractEntry README.md
73 silly gunzTarPerm extractEntry app/index.js
74 silly gunzTarPerm extractEntry app/index.coffee
75 silly gunzTarPerm extractEntry app/templates/_gulpfile.js
76 silly gunzTarPerm extractEntry app/templates/_bower.json
77 silly gunzTarPerm extractEntry app/templates/_bowerrc.json
78 silly gunzTarPerm extractEntry app/templates/_gitignore
79 silly gunzTarPerm extractEntry app/templates/_gulpfile.coffee
80 silly gunzTarPerm extractEntry app/templates/_package.json
81 silly gunzTarPerm extractEntry app/templates/app/_Main.coffee
82 silly gunzTarPerm extractEntry app/templates/app/_example.jade
83 silly gunzTarPerm extractEntry app/templates/app/_main.scss
84 silly gunzTarPerm extractEntry app/templates/app/_vars-and-utils.scss
85 silly gunzTarPerm extractEntry app/templates/stage/init.coffee
86 silly gunzTarPerm extractEntry app/templates/stage/stage.jade
87 silly gunzTarPerm extractEntry app/templates/stage/stage.scss
88 silly lockFile 5e119288--generator-yo-gulp-0-0-1-package tar:///Users/Mark/.npm/generator-yo-gulp/0.0.1/package
89 silly lockFile 5e119288--generator-yo-gulp-0-0-1-package tar:///Users/Mark/.npm/generator-yo-gulp/0.0.1/package
90 silly lockFile e5ff77f8-erator-yo-gulp-0-0-1-package-tgz tar:///Users/Mark/.npm/generator-yo-gulp/0.0.1/package.tgz
91 silly lockFile e5ff77f8-erator-yo-gulp-0-0-1-package-tgz tar:///Users/Mark/.npm/generator-yo-gulp/0.0.1/package.tgz
92 verbose chmod /Users/Mark/.npm/generator-yo-gulp/0.0.1/package.tgz 644
93 verbose chown /Users/Mark/.npm/generator-yo-gulp/0.0.1/package.tgz [ 501, 20 ]
94 silly lockFile 3a52ce78- .
95 silly lockFile 3a52ce78- .
96 silly publish { name: 'generator-yo-gulp',
96 silly publish   version: '0.0.1',
96 silly publish   description: 'Yeoman generator',
96 silly publish   license: 'MIT',
96 silly publish   main: 'app/index.js',
96 silly publish   repository:
96 silly publish    { type: 'git',
96 silly publish      url: 'git://github.com/tolmark12/yeoman-gulp-template' },
96 silly publish   author: { name: 'Tolmark12', url: 'https://github.com/Tolmark12' },
96 silly publish   engines: { node: '>=0.10.0' },
96 silly publish   scripts: { test: 'mocha' },
96 silly publish   files: [ 'app' ],
96 silly publish   keywords: [ 'yeoman-generator' ],
96 silly publish   dependencies:
96 silly publish    { 'yeoman-generator': '^0.17.0',
96 silly publish      chalk: '^0.5.0',
96 silly publish      yosay: '^0.3.0' },
96 silly publish   devDependencies: { mocha: '*' },
96 silly publish   peerDependencies: { yo: '>=1.0.0' },
96 silly publish   readme: '# Yeoman Gulp Template\n\nA simple Yeoman template for javascript projects.\n```\n# Install the generator\nnpm install --global generator-yo-gulp\ncd /path/to/your/project\nyo yo-gulp\n\n# Run gulp\ngulp\n\n# Build\ngulp rel\n```\n## License\nMIT\n',
96 silly publish   readmeFilename: 'README.md',
96 silly publish   bugs: { url: 'https://github.com/tolmark12/yeoman-gulp-template/issues' },
96 silly publish   homepage: 'https://github.com/tolmark12/yeoman-gulp-template',
96 silly publish   _id: 'generator-yo-gulp@0.0.1',
96 silly publish   dist: { shasum: '340e823cd2b75996c4bebbb64f35947c8e00b710' },
96 silly publish   _from: '.' }
97 verbose url raw generator-yo-gulp
98 verbose url resolving [ 'https://registry.npmjs.org/', './generator-yo-gulp' ]
99 verbose url resolved https://registry.npmjs.org/generator-yo-gulp
100 info trying registry request attempt 1 at 17:18:16
101 http PUT https://registry.npmjs.org/generator-yo-gulp
102 http 403 https://registry.npmjs.org/generator-yo-gulp
103 info trying registry request attempt 1 at 17:18:17
104 http PUT https://registry.npmjs.org/generator-yo-gulp
105 http 403 https://registry.npmjs.org/generator-yo-gulp
106 error publish Failed PUT 403
107 error Error: forbidden cannot modify pre-existing version: 0.0.1
107 error old={"name":"generator-yo-gulp","version":"0.0.1","description":"Yeoman generator","license":"MIT","main":"app/index.js","repository":{"type":"git","url":"git://github.com/tolmark12/yeoman-gulp-template"},"author":{"name":"Tolmark12","url":"https://github.com/Tolmark12"},"engines":{"node":">=0.10.0"},"scripts":{"test":"mocha"},"files":["app"],"keywords":["yeoman-generator"],"dependencies":{"yeoman-generator":"^0.17.0","chalk":"^0.5.0","yosay":"^0.3.0"},"devDependencies":{"mocha":"*"},"peerDependencies":{"yo":">=1.0.0"},"bugs":{"url":"https://github.com/tolmark12/yeoman-gulp-template/issues"},"homepage":"https://github.com/tolmark12/yeoman-gulp-template","_id":"generator-yo-gulp@0.0.1","dist":{"shasum":"6317853c84e37080baefebb09463caa21801caf2","tarball":"http://registry.npmjs.org/generator-yo-gulp/-/generator-yo-gulp-0.0.1.tgz"},"_from":".","_npmVersion":"1.3.21","_npmUser":{"name":"tolmark12","email":"mark@pagodabox.com"},"maintainers":[{"name":"tolmark12","email":"mark@pagodabox.com"}]}
107 error new={"name":"generator-yo-gulp","version":"0.0.1","description":"Yeoman generator","license":"MIT","main":"app/index.js","repository":{"type":"git","url":"git://github.com/tolmark12/yeoman-gulp-template"},"author":{"name":"Tolmark12","url":"https://github.com/Tolmark12"},"engines":{"node":">=0.10.0"},"scripts":{"test":"mocha"},"files":["app"],"keywords":["yeoman-generator"],"dependencies":{"yeoman-generator":"^0.17.0","chalk":"^0.5.0","yosay":"^0.3.0"},"devDependencies":{"mocha":"*"},"peerDependencies":{"yo":">=1.0.0"},"readme":"# Yeoman Gulp Template\u000a\u000aA simple Yeoman template for javascript projects.\u000a```\u000a# Install the generator\u000anpm install --global generator-yo-gulp\u000acd /path/to/your/project\u000ayo yo-gulp\u000a\u000a# Run gulp\u000agulp\u000a\u000a# Build\u000agulp rel\u000a```\u000a## License\u000aMIT\u000a","readmeFilename":"README.md","bugs":{"url":"https://github.com/tolmark12/yeoman-gulp-template/issues"},"homepage":"https://github.com/tolmark12/yeoman-gulp-template","_id":"generator-yo-gulp@0.0.1","dist":{"shasum":"340e823cd2b75996c4bebbb64f35947c8e00b710","tarball":"http://registry.npmjs.org/generator-yo-gulp/-/generator-yo-gulp-0.0.1.tgz"},"_from":".","_npmVersion":"1.3.21","_npmUser":{"name":"tolmark12","email":"mark@pagodabox.com"},"maintainers":[{"name":"tolmark12","email":"mark@pagodabox.com"}]}: generator-yo-gulp
107 error     at RegClient.<anonymous> (/usr/local/Cellar/node/0.10.24/lib/node_modules/npm/node_modules/npm-registry-client/lib/request.js:275:14)
107 error     at Request.self.callback (/usr/local/Cellar/node/0.10.24/lib/node_modules/npm/node_modules/request/request.js:123:22)
107 error     at Request.EventEmitter.emit (events.js:98:17)
107 error     at Request.<anonymous> (/usr/local/Cellar/node/0.10.24/lib/node_modules/npm/node_modules/request/request.js:893:14)
107 error     at Request.EventEmitter.emit (events.js:117:20)
107 error     at IncomingMessage.<anonymous> (/usr/local/Cellar/node/0.10.24/lib/node_modules/npm/node_modules/request/request.js:844:12)
107 error     at IncomingMessage.EventEmitter.emit (events.js:117:20)
107 error     at _stream_readable.js:920:16
107 error     at process._tickCallback (node.js:415:13)
108 error If you need help, you may report this *entire* log,
108 error including the npm and node versions, at:
108 error     <http://github.com/isaacs/npm/issues>
109 error System Darwin 13.1.0
110 error command "/usr/local/Cellar/node/0.10.24/bin/node" "/usr/local/bin/npm" "publish"
111 error cwd /Users/Mark/web/generator-yo-gulp
112 error node -v v0.10.24
113 error npm -v 1.3.21
114 verbose exit [ 1, true ]
